生成启动时间为 2017/10/14 19:24:35。
     1>项目“C:\Users\lenovo\Documents\Visual Studio 2013\Projects\SearchEngineProj\SearchEngineProj\SearchEngineProj.vcxproj”在节点 2 上(Build 个目标)。
     1>ClCompile:
         C:\Program Files (x86)\Microsoft Visual Studio 12.0\VC\bin\CL.exe /c /ZI /nologo /W3 /WX- /sdl /Od /Oy- /D _MBCS /Gm /EHsc /RTC1 /MDd /GS /fp:precise /Zc:wchar_t /Zc:forScope /Fo"Debug\\" /Fd"Debug\vc120.pdb" /Gd /TP /analyze- /errorReport:prompt main.cpp
         main.cpp
     1>c:\users\lenovo\documents\visual studio 2013\projects\searchengineproj\searchengineproj\io\reader.h(31): warning C4018: “>=”: 有符号/无符号不匹配
     1>c:\users\lenovo\documents\visual studio 2013\projects\searchengineproj\searchengineproj\io\filter.h(61): warning C4018: “<”: 有符号/无符号不匹配
     1>c:\users\lenovo\documents\visual studio 2013\projects\searchengineproj\searchengineproj\format\gb2312.h(50): warning C4018: “<”: 有符号/无符号不匹配
     1>c:\users\lenovo\documents\visual studio 2013\projects\searchengineproj\searchengineproj\format\gb2312.h(51): warning C4018: “<”: 有符号/无符号不匹配
     1>c:\users\lenovo\documents\visual studio 2013\projects\searchengineproj\searchengineproj\core\analyzer.h(40): warning C4018: “<”: 有符号/无符号不匹配
     1>c:\users\lenovo\documents\visual studio 2013\projects\searchengineproj\searchengineproj\core\analyzer.h(47): warning C4018: “<”: 有符号/无符号不匹配
     1>c:\users\lenovo\documents\visual studio 2013\projects\searchengineproj\searchengineproj\core\analyzer.h(50): warning C4018: “<”: 有符号/无符号不匹配
     1>c:\users\lenovo\documents\visual studio 2013\projects\searchengineproj\searchengineproj\core\analyzer.h(140): warning C4018: “<”: 有符号/无符号不匹配
     1>c:\users\lenovo\documents\visual studio 2013\projects\searchengineproj\searchengineproj\core\analyzer.h(143): warning C4018: “<”: 有符号/无符号不匹配
     1>c:\users\lenovo\documents\visual studio 2013\projects\searchengineproj\searchengineproj\core\term.h(40): warning C4018: “<”: 有符号/无符号不匹配
     1>c:\users\lenovo\documents\visual studio 2013\projects\searchengineproj\searchengineproj\core\invtable.h(77): warning C4018: “<”: 有符号/无符号不匹配
     1>c:\users\lenovo\documents\visual studio 2013\projects\searchengineproj\searchengineproj\core\invtable.h(91): warning C4018: “<”: 有符号/无符号不匹配
     1>c:\users\lenovo\documents\visual studio 2013\projects\searchengineproj\searchengineproj\core\invtable.h(105): warning C4018: “<”: 有符号/无符号不匹配
     1>c:\users\lenovo\documents\visual studio 2013\projects\searchengineproj\searchengineproj\core\invtable.h(123): warning C4018: “>=”: 有符号/无符号不匹配
     1>c:\users\lenovo\documents\visual studio 2013\projects\searchengineproj\searchengineproj\core\invtable.h(124): warning C4018: “>=”: 有符号/无符号不匹配
     1>c:\users\lenovo\documents\visual studio 2013\projects\searchengineproj\searchengineproj\core\invtable.h(152): warning C4018: “<”: 有符号/无符号不匹配
     1>c:\users\lenovo\documents\visual studio 2013\projects\searchengineproj\searchengineproj\core\invtable.h(169): warning C4018: “<”: 有符号/无符号不匹配
     1>c:\users\lenovo\documents\visual studio 2013\projects\searchengineproj\searchengineproj\mem\dataman.h(148): warning C4018: “<”: 有符号/无符号不匹配
       Link:
         C:\Program Files (x86)\Microsoft Visual Studio 12.0\VC\bin\link.exe /ERRORREPORT:PROMPT /OUT:"C:\Users\lenovo\Documents\Visual Studio 2013\Projects\SearchEngineProj\Debug\SearchEngineProj.exe" /INCREMENTAL /NOLOGO kernel32.lib user32.lib gdi32.lib winspool.lib comdlg32.lib advapi32.lib shell32.lib ole32.lib oleaut32.lib uuid.lib odbc32.lib odbccp32.lib /MANIFEST /MANIFESTUAC:"level='asInvoker' uiAccess='false'" /manifest:embed /DEBUG /PDB:"C:\Users\lenovo\Documents\Visual Studio 2013\Projects\SearchEngineProj\Debug\SearchEngineProj.pdb" /TLBID:1 /DYNAMICBASE /NXCOMPAT /IMPLIB:"C:\Users\lenovo\Documents\Visual Studio 2013\Projects\SearchEngineProj\Debug\SearchEngineProj.lib" /MACHINE:X86 Debug\main.obj
         SearchEngineProj.vcxproj -> C:\Users\lenovo\Documents\Visual Studio 2013\Projects\SearchEngineProj\Debug\SearchEngineProj.exe
     1>已完成生成项目“C:\Users\lenovo\Documents\Visual Studio 2013\Projects\SearchEngineProj\SearchEngineProj\SearchEngineProj.vcxproj”(Build 个目标)的操作。

生成成功。

已用时间 00:00:07.80
